<?xml version="1.0" encoding="UTF-8"?>
<!-- Generated by org.testng.reporters.JUnitXMLReporter -->
<testsuite hostname="LAPTOP-E20AETQ6" ignored="0" name="Default test" tests="1" failures="0" timestamp="2020-12-27T22:17:51 IST" time="5.182" errors="0">
  <testcase name="@BeforeTest beforeTest" time="5.063" classname="Practice.Testathon_Challenge">
    <failure type="org.openqa.selenium.WebDriverException" message="unknown error: cannot find Chrome binary
Build info: version: &amp;apos;4.0.0-alpha-4&amp;apos;, revision: &amp;apos;c2d955b49e&amp;apos;
System info: host: &amp;apos;LAPTOP-E20AETQ6&amp;apos;, ip: &amp;apos;192.168.0.110&amp;apos;, os.name: &amp;apos;Windows 10&amp;apos;, os.arch: &amp;apos;amd64&amp;apos;, os.version: &amp;apos;10.0&amp;apos;, java.version: &amp;apos;1.8.0_231&amp;apos;
Driver info: driver.version: ChromeDriver
remote stacktrace: Backtrace:
	Ordinal0 [0x007C0C83+1707139]
	Ordinal0 [0x007268F1+1075441]
	Ordinal0 [0x0069DFC9+516041]
	Ordinal0 [0x0062C70E+50958]
	Ordinal0 [0x0064BFD7+180183]
	Ordinal0 [0x0064BDDD+179677]
	Ordinal0 [0x00649D4B+171339]
	Ordinal0 [0x00631D4A+73034]
	Ordinal0 [0x00632DC0+77248]
	Ordinal0 [0x00632D59+77145]
	Ordinal0 [0x0073BB67+1162087]
	GetHandleVerifier [0x0085A966+508998]
	GetHandleVerifier [0x0085A6A4+508292]
	GetHandleVerifier [0x0086F7B7+594583]
	GetHandleVerifier [0x0085B1D6+511158]
	Ordinal0 [0x0073402C+1130540]
	Ordinal0 [0x0073D4CB+1168587]
	Ordinal0 [0x0073D633+1168947]
	Ordinal0 [0x00755B35+1268533]
	BaseThreadInitThunk [0x74AA6359+25]
	RtlGetAppContainerNamedObjectPath [0x772E8944+228]
	RtlGetAppContainerNamedObjectPath [0x772E8914+180]
">
      <![CDATA[org.openqa.selenium.WebDriverException: unknown error: cannot find Chrome binary
Build info: version: '4.0.0-alpha-4', revision: 'c2d955b49e'
System info: host: 'LAPTOP-E20AETQ6', ip: '192.168.0.110', os.name: 'Windows 10', os.arch: 'amd64', os.version: '10.0', java.version: '1.8.0_231'
Driver info: driver.version: ChromeDriver
remote stacktrace: Backtrace:
Ordinal0 [0x007C0C83+1707139]
Ordinal0 [0x007268F1+1075441]
Ordinal0 [0x0069DFC9+516041]
Ordinal0 [0x0062C70E+50958]
Ordinal0 [0x0064BFD7+180183]
Ordinal0 [0x0064BDDD+179677]
Ordinal0 [0x00649D4B+171339]
Ordinal0 [0x00631D4A+73034]
Ordinal0 [0x00632DC0+77248]
Ordinal0 [0x00632D59+77145]
Ordinal0 [0x0073BB67+1162087]
GetHandleVerifier [0x0085A966+508998]
GetHandleVerifier [0x0085A6A4+508292]
GetHandleVerifier [0x0086F7B7+594583]
GetHandleVerifier [0x0085B1D6+511158]
Ordinal0 [0x0073402C+1130540]
Ordinal0 [0x0073D4CB+1168587]
Ordinal0 [0x0073D633+1168947]
Ordinal0 [0x00755B35+1268533]
BaseThreadInitThunk [0x74AA6359+25]
RtlGetAppContainerNamedObjectPath [0x772E8944+228]
RtlGetAppContainerNamedObjectPath [0x772E8914+180]

at sun.reflect.NativeConstructorAccessorImpl.newInstance0(Native Method)
at sun.reflect.NativeConstructorAccessorImpl.newInstance(NativeConstructorAccessorImpl.java:62)
at sun.reflect.DelegatingConstructorAccessorImpl.newInstance(DelegatingConstructorAccessorImpl.java:45)
at java.lang.reflect.Constructor.newInstance(Constructor.java:423)
at org.openqa.selenium.remote.W3CHandshakeResponse.lambda$errorHandler$0(W3CHandshakeResponse.java:62)
at org.openqa.selenium.remote.HandshakeResponse.lambda$getResponseFunction$0(HandshakeResponse.java:30)
at org.openqa.selenium.remote.ProtocolHandshake.lambda$createSession$1(ProtocolHandshake.java:126)
at java.util.stream.ReferencePipeline$3$1.accept(ReferencePipeline.java:193)
at java.util.Spliterators$ArraySpliterator.tryAdvance(Spliterators.java:958)
at java.util.stream.ReferencePipeline.forEachWithCancel(ReferencePipeline.java:126)
at java.util.stream.AbstractPipeline.copyIntoWithCancel(AbstractPipeline.java:499)
at java.util.stream.AbstractPipeline.copyInto(AbstractPipeline.java:486)
at java.util.stream.AbstractPipeline.wrapAndCopyInto(AbstractPipeline.java:472)
at java.util.stream.FindOps$FindOp.evaluateSequential(FindOps.java:152)
at java.util.stream.AbstractPipeline.evaluate(AbstractPipeline.java:234)
at java.util.stream.ReferencePipeline.findFirst(ReferencePipeline.java:464)
at org.openqa.selenium.remote.ProtocolHandshake.createSession(ProtocolHandshake.java:128)
at org.openqa.selenium.remote.ProtocolHandshake.createSession(ProtocolHandshake.java:75)
at org.openqa.selenium.remote.HttpCommandExecutor.execute(HttpCommandExecutor.java:139)
at org.openqa.selenium.remote.service.DriverCommandExecutor.execute(DriverCommandExecutor.java:83)
at org.openqa.selenium.remote.RemoteWebDriver.execute(RemoteWebDriver.java:582)
at org.openqa.selenium.remote.RemoteWebDriver.startSession(RemoteWebDriver.java:216)
at org.openqa.selenium.remote.RemoteWebDriver.<init>(RemoteWebDriver.java:136)
at org.openqa.selenium.chromium.ChromiumDriver.<init>(ChromiumDriver.java:75)
at org.openqa.selenium.chrome.ChromeDriver.<init>(ChromeDriver.java:163)
at org.openqa.selenium.chrome.ChromeDriver.<init>(ChromeDriver.java:150)
at org.openqa.selenium.chrome.ChromeDriver.<init>(ChromeDriver.java:105)
at Practice.Testathon_Challenge.beforeTest(Testathon_Challenge.java:21)
at sun.reflect.NativeMethodAccessorImpl.invoke0(Native Method)
at sun.reflect.NativeMethodAccessorImpl.invoke(NativeMethodAccessorImpl.java:62)
at sun.reflect.DelegatingMethodAccessorImpl.invoke(DelegatingMethodAccessorImpl.java:43)
at java.lang.reflect.Method.invoke(Method.java:498)
at org.testng.internal.MethodInvocationHelper.invokeMethod(MethodInvocationHelper.java:132)
at org.testng.internal.MethodInvocationHelper.invokeMethodConsideringTimeout(MethodInvocationHelper.java:61)
at org.testng.internal.ConfigInvoker.invokeConfigurationMethod(ConfigInvoker.java:366)
at org.testng.internal.ConfigInvoker.invokeConfigurations(ConfigInvoker.java:320)
at org.testng.TestRunner.invokeTestConfigurations(TestRunner.java:617)
at org.testng.TestRunner.beforeRun(TestRunner.java:607)
at org.testng.TestRunner.run(TestRunner.java:578)
at org.testng.SuiteRunner.runTest(SuiteRunner.java:384)
at org.testng.SuiteRunner.runSequentially(SuiteRunner.java:378)
at org.testng.SuiteRunner.privateRun(SuiteRunner.java:337)
at org.testng.SuiteRunner.run(SuiteRunner.java:286)
at org.testng.SuiteRunnerWorker.runSuite(SuiteRunnerWorker.java:53)
at org.testng.SuiteRunnerWorker.run(SuiteRunnerWorker.java:96)
at org.testng.TestNG.runSuitesSequentially(TestNG.java:1218)
at org.testng.TestNG.runSuitesLocally(TestNG.java:1140)
at org.testng.TestNG.runSuites(TestNG.java:1069)
at org.testng.TestNG.run(TestNG.java:1037)
at org.testng.remote.AbstractRemoteTestNG.run(AbstractRemoteTestNG.java:115)
at org.testng.remote.RemoteTestNG.initAndRun(RemoteTestNG.java:251)
at org.testng.remote.RemoteTestNG.main(RemoteTestNG.java:77)
]]>
    </failure>
  </testcase> <!-- @BeforeTest beforeTest -->
  <testcase name="f" time="0.0" classname="Practice.Testathon_Challenge">
    <skipped/>
  </testcase> <!-- f -->
</testsuite> <!-- Default test -->
